0 info it worked if it ends with ok
1 verbose cli [ '/usr/bin/node', '/usr/bin/npm', 'run', 'watch' ]
2 info using npm@3.3.10
3 info using node@v5.0.0
4 verbose run-script [ 'prewatch', 'watch', 'postwatch' ]
5 info lifecycle bcexplorer@0.0.1~prewatch: bcexplorer@0.0.1
6 silly lifecycle bcexplorer@0.0.1~prewatch: no script for prewatch, continuing
7 info lifecycle bcexplorer@0.0.1~watch: bcexplorer@0.0.1
8 verbose lifecycle bcexplorer@0.0.1~watch: unsafe-perm in lifecycle true
9 verbose lifecycle bcexplorer@0.0.1~watch: PATH: /usr/lib/node_modules/npm/bin/node-gyp-bin:/home/cemaleker/src/github.com/cemaleker/bcexplorer/node_modules/.bin:/home/cemaleker/.gem/ruby/2.2.0/bin:/home/cemaleker/.gem/ruby/2.2.0/bin:/usr/local/sbin:/usr/local/bin:/usr/bin:/usr/lib/jvm/default/bin:/usr/bin/site_perl:/usr/bin/vendor_perl:/usr/bin/core_perl:/home/cemaleker/bin:/home/cemaleker/gocode/bin:/home/cemaleker/bin:/home/cemaleker/gocode/bin
10 verbose lifecycle bcexplorer@0.0.1~watch: CWD: /home/cemaleker/src/github.com/cemaleker/bcexplorer
11 silly lifecycle bcexplorer@0.0.1~watch: Args: [ '-c',
11 silly lifecycle   'NODE_ENV=\'development\';watchify src/app.jsx -t babelify --outfile=dist/bundle.js -v' ]
12 silly lifecycle bcexplorer@0.0.1~watch: Returned: code: 1  signal: null
13 info lifecycle bcexplorer@0.0.1~watch: Failed to exec watch script
14 verbose stack Error: bcexplorer@0.0.1 watch: `NODE_ENV='development';watchify src/app.jsx -t babelify --outfile=dist/bundle.js -v`
14 verbose stack Exit status 1
14 verbose stack     at EventEmitter.<anonymous> (/usr/lib/node_modules/npm/lib/utils/lifecycle.js:232:16)
14 verbose stack     at emitTwo (events.js:87:13)
14 verbose stack     at EventEmitter.emit (events.js:172:7)
14 verbose stack     at ChildProcess.<anonymous> (/usr/lib/node_modules/npm/lib/utils/spawn.js:24:14)
14 verbose stack     at emitTwo (events.js:87:13)
14 verbose stack     at ChildProcess.emit (events.js:172:7)
14 verbose stack     at maybeClose (internal/child_process.js:818:16)
14 verbose stack     at Process.ChildProcess._handle.onexit (internal/child_process.js:211:5)
15 verbose pkgid bcexplorer@0.0.1
16 verbose cwd /home/cemaleker/src/github.com/cemaleker/bcexplorer
17 error Linux 4.2.3-pf
18 error argv "/usr/bin/node" "/usr/bin/npm" "run" "watch"
19 error node v5.0.0
20 error npm  v3.3.10
21 error code ELIFECYCLE
22 error bcexplorer@0.0.1 watch: `NODE_ENV='development';watchify src/app.jsx -t babelify --outfile=dist/bundle.js -v`
22 error Exit status 1
23 error Failed at the bcexplorer@0.0.1 watch script 'NODE_ENV='development';watchify src/app.jsx -t babelify --outfile=dist/bundle.js -v'.
23 error Make sure you have the latest version of node.js and npm installed.
23 error If you do, this is most likely a problem with the bcexplorer package,
23 error not with npm itself.
23 error Tell the author that this fails on your system:
23 error     NODE_ENV='development';watchify src/app.jsx -t babelify --outfile=dist/bundle.js -v
23 error You can get their info via:
23 error     npm owner ls bcexplorer
23 error There is likely additional logging output above.
24 verbose exit [ 1, true ]
